<?xml version="1.0" encoding="UTF-8"?>
<!-- Generated by org.testng.reporters.JUnitReportReporter -->
<testsuite hostname="Ushas-MacBook-Pro.local" failures="0" tests="1" name="HelloWorld" time="0.002" errors="0" timestamp="2021-11-16T10:51:21 IST" skipped="0">
  <testcase classname="HelloWorld" name="testHelloWorld" time="0.002"/>
  <system-out/>
</testsuite> <!-- HelloWorld -->
